prisma:cli:bin Failed to initialize the command state: Error: ENOENT: no such file or directory, open 'C:\Users\LoĆÆc MOUKENA\AppData\Roaming\prisma-nodejs\Config\commands.json' +1634ms
prisma:config:loadConfigFromFile Config file loaded in 138.19ms +1141ms
prisma:config:loadConfigFromFile No config file found in the current working directory C:\Users\LoĆÆc MOUKENA\Documents\Billet-Congo +0ms
prisma:getSchema Checking existence of C:\Users\LoĆÆc MOUKENA\Documents\Billet-Congo\schema.prisma +143ms
prisma:getSchema Reading schema from single file C:\Users\LoĆÆc MOUKENA\Documents\Billet-Congo\schema.prisma +0ms
prisma:getSchema Checking existence of C:\Users\LoĆÆc MOUKENA\Documents\Billet-Congo\schema.prisma +1ms
prisma:getSchema Reading schema from single file C:\Users\LoĆÆc MOUKENA\Documents\Billet-Congo\schema.prisma +0ms
prisma:engines binaries to download schema-engine +1759ms
prisma:getSchema Checking existence of C:\Users\LoĆÆc MOUKENA\Documents\Billet-Congo\prisma\schema.prisma +2ms
prisma:getSchema Reading schema from single file C:\Users\LoĆÆc MOUKENA\Documents\Billet-Congo\prisma\schema.prisma +1ms
prisma:getSchema Checking existence of C:\Users\LoĆÆc MOUKENA\Documents\Billet-Congo\prisma\schema.prisma +0ms
prisma:getSchema Reading schema from single file C:\Users\LoĆÆc MOUKENA\Documents\Billet-Congo\prisma\schema.prisma +0ms
prisma:getConfig Using getConfig Wasm +22ms
prisma:cli:checkpoint Error from tryToReadDataFromSchema() while processing the schema. This is not a fatal error. It will continue without the processed data. +30ms
prisma:cli:checkpoint {
  "name": "GetConfigError"
} +1ms
prisma:cli:checkpoint runCheckpointClientCheck(): Execution time for getting info: 58.93290000000002 ms +2ms
prisma:getSchema Checking existence of C:\Users\LoĆÆc MOUKENA\Documents\Billet-Congo\schema.prisma +9ms
prisma:getSchema Reading schema from single file C:\Users\LoĆÆc MOUKENA\Documents\Billet-Congo\schema.prisma +0ms
prisma:getSchema Checking existence of C:\Users\LoĆÆc MOUKENA\Documents\Billet-Congo\prisma\schema.prisma +0ms
prisma:getSchema Reading schema from single file C:\Users\LoĆÆc MOUKENA\Documents\Billet-Congo\prisma\schema.prisma +0ms
Prisma schema loaded from prisma\schema.prisma.
prisma:validate Using validate Wasm +25ms
prisma:validate error of type "wasm-error" in validateWasm:
 {
  "reason": "(validate wasm)",
  "error": {}
} +3ms

Error: ValidateError: Prisma schema validation - (validate wasm)
Error code: P1012
[1;91merror[0m: [1mThe datasource property `url` is no longer supported in schema files. Move connection URLs for Migrate to `prisma.config.ts` and pass either `adapter` for a direct database connection or `accelerateUrl` for Accelerate to the `PrismaClient` constructor. See https://pris.ly/d/config-datasource and https://pris.ly/d/prisma7-client-config[0m
  [1;94m-->[0m  [4mprisma\schema.prisma:7[0m
[1;94m   | [0m
[1;94m 6 | [0m  provider = "sqlite"
[1;94m 7 | [0m  [1;91murl      = env("DATABASE_URL")[0m
[1;94m   | [0m

Validation Error Count: 1
[Context: validate]

Prisma CLI Version : 7.5.0
    at C:\Users\LoĆÆc MOUKENA\Documents\Billet-Congo\node_modules\prisma\build\index.js:222:689
    at e.with (C:\Users\LoĆÆc MOUKENA\Documents\Billet-Congo\node_modules\prisma\build\index.js:163:41043)
    at gy (C:\Users\LoĆÆc MOUKENA\Documents\Billet-Congo\node_modules\prisma\build\index.js:222:452)
    at e.parse (C:\Users\LoĆÆc MOUKENA\Documents\Billet-Congo\node_modules\prisma\build\index.js:4648:483)
    at async e.parse (C:\Users\LoĆÆc MOUKENA\Documents\Billet-Congo\node_modules\prisma\build\index.js:1060:2319)
    at async Ior (C:\Users\LoĆÆc MOUKENA\Documents\Billet-Congo\node_modules\prisma\build\index.js:4651:136)
